Created by PLY version 3.11 (http://www.dabeaz.com/ply)

Unused terminals:

    CL_COMMENT
    IF
    IFF
    NOT
    NUMERAL
    OR
    RESERVEDELEMENT

Grammar

Rule 0     S' -> starter
Rule 1     starter -> sentence
Rule 2     starter -> sentence starter
Rule 3     sentence -> OPEN AND QUOTEDSTRING QUOTEDSTRING CLOSE

Terminals, with rules where they appear

AND                  : 3
CLOSE                : 3
CL_COMMENT           : 
IF                   : 
IFF                  : 
NOT                  : 
NUMERAL              : 
OPEN                 : 3
OR                   : 
QUOTEDSTRING         : 3 3
RESERVEDELEMENT      : 
error                : 

Nonterminals, with rules where they appear

sentence             : 1 2
starter              : 2 0

Parsing method: LALR

state 0

    (0) S' -> . starter
    (1) starter -> . sentence
    (2) starter -> . sentence starter
    (3) sentence -> . OPEN AND QUOTEDSTRING QUOTEDSTRING CLOSE

    OPEN            shift and go to state 3

    starter                        shift and go to state 1
    sentence                       shift and go to state 2

state 1

    (0) S' -> starter .



state 2

    (1) starter -> sentence .
    (2) starter -> sentence . starter
    (1) starter -> . sentence
    (2) starter -> . sentence starter
    (3) sentence -> . OPEN AND QUOTEDSTRING QUOTEDSTRING CLOSE

    $end            reduce using rule 1 (starter -> sentence .)
    OPEN            shift and go to state 3

    sentence                       shift and go to state 2
    starter                        shift and go to state 4

state 3

    (3) sentence -> OPEN . AND QUOTEDSTRING QUOTEDSTRING CLOSE

    AND             shift and go to state 5


state 4

    (2) starter -> sentence starter .

    $end            reduce using rule 2 (starter -> sentence starter .)


state 5

    (3) sentence -> OPEN AND . QUOTEDSTRING QUOTEDSTRING CLOSE

    QUOTEDSTRING    shift and go to state 6


state 6

    (3) sentence -> OPEN AND QUOTEDSTRING . QUOTEDSTRING CLOSE

    QUOTEDSTRING    shift and go to state 7


state 7

    (3) sentence -> OPEN AND QUOTEDSTRING QUOTEDSTRING . CLOSE

    CLOSE           shift and go to state 8


state 8

    (3) sentence -> OPEN AND QUOTEDSTRING QUOTEDSTRING CLOSE .

    OPEN            reduce using rule 3 (sentence -> OPEN AND QUOTEDSTRING QUOTEDSTRING CLOSE .)
    $end            reduce using rule 3 (sentence -> OPEN AND QUOTEDSTRING QUOTEDSTRING CLOSE .)

